Conversion Warnings Log


MSG_ID: 1694 	MSG_TYPE: S 	MSG_NAME: BMS_Faults_Message_1
	SIG_NAME: BMS_Enable_Balance_Message, STATUS: Invalid Max or Min value., ACTION: Value Set to default
	SIG_NAME: BMS_Cell_Overvolt_Fault	, STATUS: Invalid Max or Min value., ACTION: Value Set to default
	SIG_NAME: BMS_Cell_Undervolt_Fault	, STATUS: Invalid Max or Min value., ACTION: Value Set to default
	SIG_NAME: BMS_Cell_High_Temp_Fault	, STATUS: Invalid Max or Min value., ACTION: Value Set to default
	SIG_NAME: BMS_Cell_Low_Temp_Fault	, STATUS: Invalid Max or Min value., ACTION: Value Set to default
	SIG_NAME: BMS_Redundant_Voltage_Fault, STATUS: Invalid Max or Min value., ACTION: Value Set to default
	SIG_NAME: BMS_Redundant_Temp_Fault	, STATUS: Invalid Max or Min value., ACTION: Value Set to default
	SIG_NAME: BMS_Invalid_Data_Fault	, STATUS: Invalid Max or Min value., ACTION: Value Set to default
	SIG_NAME: BMS_Open_Wire_Detection_Fault, STATUS: Invalid Max or Min value., ACTION: Value Set to default

MSG_ID: 1695 	MSG_TYPE: S 	MSG_NAME: BMS_Pack_Data
	SIG_NAME: MCU_Pressure, STATUS: Invalid Max or Min value., ACTION: Value Set to default
	SIG_NAME: MCU_Humidity, STATUS: Invalid Max or Min value., ACTION: Value Set to default

MSG_ID: 1714 	MSG_TYPE: S 	MSG_NAME: BMS_Fault_And_Warning_Summary
	SIG_NAME: BMS_Fault_Over_Volt		, STATUS: Invalid Max or Min value., ACTION: Value Set to default
	SIG_NAME: BMS_Fault_Under_Volt	, STATUS: Invalid Max or Min value., ACTION: Value Set to default
	SIG_NAME: BMS_Fault_Open_Wire		, STATUS: Invalid Max or Min value., ACTION: Value Set to default
	SIG_NAME: BMS_Fault_PEC			, STATUS: Invalid Max or Min value., ACTION: Value Set to default
	SIG_NAME: BMS_Fault_Over_Temp		, STATUS: Invalid Max or Min value., ACTION: Value Set to default
	SIG_NAME: BMS_Fault_Under_Temp	, STATUS: Invalid Max or Min value., ACTION: Value Set to default
	SIG_NAME: BMS_Fault_Redundant_Volt, STATUS: Invalid Max or Min value., ACTION: Value Set to default
	SIG_NAME: BMS_Fault_Redundant_Temp, STATUS: Invalid Max or Min value., ACTION: Value Set to default
	SIG_NAME: BMS_Warning_Over_Volt	, STATUS: Invalid Max or Min value., ACTION: Value Set to default
	SIG_NAME: BMS_Warning_Under_Volt	, STATUS: Invalid Max or Min value., ACTION: Value Set to default
	SIG_NAME: BMS_Warning_Over_Temp	, STATUS: Invalid Max or Min value., ACTION: Value Set to default
	SIG_NAME: BMS_Warning_Under_Temp	, STATUS: Invalid Max or Min value., ACTION: Value Set to default
	SIG_NAME: BMS_Warning_Imbalance	, STATUS: Invalid Max or Min value., ACTION: Value Set to default
